#
# There is insufficient memory for the Java Runtime Environment to continue.
# Native memory allocation (malloc) failed to allocate 1366256 bytes for Chunk::new
# Possible reasons:
#   The system is out of physical RAM or swap space
#   The process is running with CompressedOops enabled, and the Java Heap may be blocking the growth of the native heap
# Possible solutions:
#   Reduce memory load on the system
#   Increase physical memory or swap space
#   Check if swap backing store is full
#   Decrease Java heap size (-Xmx/-Xms)
#   Decrease number of Java threads
#   Decrease Java thread stack sizes (-Xss)
#   Set larger code cache with -XX:ReservedCodeCacheSize=
#   JVM is running with Unscaled Compressed Oops mode in which the Java heap is
#     placed in the first 4GB address space. The Java Heap base address is the
#     maximum limit for the native heap growth. Please use -XX:HeapBaseMinAddress
#     to set the Java Heap base and to place the Java Heap above 4GB virtual address.
# This output file may be truncated or incomplete.
#
#  Out of Memory Error (arena.cpp:168), pid=3828, tid=23032
#
# JRE version: Java(TM) SE Runtime Environment (21.0.7+8) (build 21.0.7+8-LTS-245)
# Java VM: Java HotSpot(TM) 64-Bit Server VM (21.0.7+8-LTS-245, mixed mode, sharing, tiered, compressed oops, compressed class ptrs, parallel gc, windows-amd64)
# No core dump will be written. Minidumps are not enabled by default on client versions of Windows
#

---------------  S U M M A R Y ------------

Command Line: --add-modules=ALL-SYSTEM --add-opens=java.base/java.util=ALL-UNNAMED --add-opens=java.base/java.lang=ALL-UNNAMED --add-opens=java.base/sun.nio.fs=ALL-UNNAMED -Declipse.application=org.eclipse.jdt.ls.core.id1 -Dosgi.bundles.defaultStartLevel=4 -Declipse.product=org.eclipse.jdt.ls.core.product -Djava.import.generatesMetadataFilesAtProjectRoot=false -DDetectVMInstallationsJob.disabled=true -Dfile.encoding=utf8 -XX:+UseParallelGC -XX:GCTimeRatio=4 -XX:AdaptiveSizePolicyWeight=90 -Dsun.zip.disableMemoryMapping=true -Xmx2G -Xms100m -Xlog:disable -javaagent:c:\Users\Yusly\.vscode\extensions\redhat.java-1.43.0-win32-x64\lombok\lombok-1.18.39-4050.jar -XX:+HeapDumpOnOutOfMemoryError -XX:HeapDumpPath=c:\Users\Yusly\AppData\Roaming\Code\User\workspaceStorage\5ab8f6c672467922ecbc1237d3555e14\redhat.java -Daether.dependencyCollector.impl=bf c:\Users\Yusly\.vscode\extensions\redhat.java-1.43.0-win32-x64\server\plugins\org.eclipse.equinox.launcher_1.7.0.v20250519-0528.jar -configuration c:\Users\Yusly\AppData\Roaming\Code\User\globalStorage\redhat.java\1.43.0\config_win -data c:\Users\Yusly\AppData\Roaming\Code\User\workspaceStorage\5ab8f6c672467922ecbc1237d3555e14\redhat.java\jdt_ws --pipe=\\.\pipe\lsp-1f9cb6449f3ba77ad2a112b457edb32f-sock

Host: AMD Ryzen 5 3500U with Radeon Vega Mobile Gfx  , 8 cores, 5G,  Windows 11 , 64 bit Build 22621 (10.0.22621.5415)
Time: Thu Jun 26 15:21:46 2025 Hora est. Pacífico, Sudamérica elapsed time: 29.335838 seconds (0d 0h 0m 29s)

---------------  T H R E A D  ---------------

Current thread (0x000002cfe6da7600):  JavaThread "C2 CompilerThread1" daemon [_thread_in_native, id=23032, stack(0x000000f616900000,0x000000f616a00000) (1024K)]


Current CompileTask:
C2:  29336 10295 % !   4       org.eclipse.jdt.internal.compiler.classfmt.ClassFileReader::<init> @ 81 (2135 bytes)

Stack: [0x000000f616900000,0x000000f616a00000]
Native frames: (J=compiled Java code, j=interpreted, Vv=VM code, C=native code)
V  [jvm.dll+0x6cae19]
V  [jvm.dll+0x855741]
V  [jvm.dll+0x857c6e]
V  [jvm.dll+0x858343]
V  [jvm.dll+0x27e0b6]
V  [jvm.dll+0xc4ecd]
V  [jvm.dll+0xc5403]
V  [jvm.dll+0x2f145d]
V  [jvm.dll+0x5f5a8a]
V  [jvm.dll+0x24fbc2]
V  [jvm.dll+0x24ff7f]
V  [jvm.dll+0x248a9c]
V  [jvm.dll+0x246004]
V  [jvm.dll+0x1c6efe]
V  [jvm.dll+0x255819]
V  [jvm.dll+0x253daa]
V  [jvm.dll+0x3eebb6]
V  [jvm.dll+0x7ffa1b]
V  [jvm.dll+0x6c94fd]
C  [ucrtbase.dll+0x29333]
C  [KERNEL32.DLL+0x1259d]
C  [ntdll.dll+0x5af78]


---------------  P R O C E S S  ---------------

Threads class SMR info:
_java_thread_list=0x000002cfe7672e10, length=39, elements={
0x000002cfc1f7c9e0, 0x000002cfe01517c0, 0x000002cfe01554a0, 0x000002cfe01563b0,
0x000002cfe01582d0, 0x000002cfe015a090, 0x000002cfe015b810, 0x000002cfe015e800,
0x000002cfe016e740, 0x000002cfc44be170, 0x000002cfe1e518d0, 0x000002cfe63c0cb0,
0x000002cfe6435ab0, 0x000002cfe64435a0, 0x000002cfe63b5860, 0x000002cfe6c53280,
0x000002cfe6b77440, 0x000002cfe6e4faf0, 0x000002cfe6e50180, 0x000002cfe6e50810,
0x000002cfe6e528e0, 0x000002cfe6e51bc0, 0x000002cfe6e52250, 0x000002cfe6e50ea0,
0x000002cfe6e4f460, 0x000002cfe6e51530, 0x000002cfe95aa260, 0x000002cfe95a6de0,
0x000002cfe95a8820, 0x000002cfe95aa8f0, 0x000002cfe95a9bd0, 0x000002cfe95a6750,
0x000002cfe95abca0, 0x000002cfe95a8190, 0x000002cfe95a7b00, 0x000002cfe95ac330,
0x000002cfe95a8eb0, 0x000002cfe95a5a30, 0x000002cfe6da7600
}

Java Threads: ( => current thread )
  0x000002cfc1f7c9e0 JavaThread "main"                              [_thread_blocked, id=20716, stack(0x000000f614b00000,0x000000f614c00000) (1024K)]
  0x000002cfe01517c0 JavaThread "Reference Handler"          daemon [_thread_blocked, id=22068, stack(0x000000f615100000,0x000000f615200000) (1024K)]
  0x000002cfe01554a0 JavaThread "Finalizer"                  daemon [_thread_blocked, id=27340, stack(0x000000f615200000,0x000000f615300000) (1024K)]
  0x000002cfe01563b0 JavaThread "Signal Dispatcher"          daemon [_thread_blocked, id=29624, stack(0x000000f615300000,0x000000f615400000) (1024K)]
  0x000002cfe01582d0 JavaThread "Attach Listener"            daemon [_thread_blocked, id=532, stack(0x000000f615400000,0x000000f615500000) (1024K)]
  0x000002cfe015a090 JavaThread "Service Thread"             daemon [_thread_blocked, id=17852, stack(0x000000f615500000,0x000000f615600000) (1024K)]
  0x000002cfe015b810 JavaThread "Monitor Deflation Thread"   daemon [_thread_blocked, id=13580, stack(0x000000f615600000,0x000000f615700000) (1024K)]
  0x000002cfe015e800 JavaThread "C2 CompilerThread0"         daemon [_thread_in_native, id=28152, stack(0x000000f615700000,0x000000f615800000) (1024K)]
  0x000002cfe016e740 JavaThread "C1 CompilerThread0"         daemon [_thread_blocked, id=24360, stack(0x000000f615800000,0x000000f615900000) (1024K)]
  0x000002cfc44be170 JavaThread "Common-Cleaner"             daemon [_thread_blocked, id=23956, stack(0x000000f615900000,0x000000f615a00000) (1024K)]
  0x000002cfe1e518d0 JavaThread "Notification Thread"        daemon [_thread_blocked, id=26840, stack(0x000000f615a00000,0x000000f615b00000) (1024K)]
  0x000002cfe63c0cb0 JavaThread "Active Thread: Equinox Container: 47d20e6a-b16b-476d-9d78-c0bde45788d7"        [_thread_blocked, id=17384, stack(0x000000f616200000,0x000000f616300000) (1024K)]
  0x000002cfe6435ab0 JavaThread "Refresh Thread: Equinox Container: 47d20e6a-b16b-476d-9d78-c0bde45788d7" daemon [_thread_blocked, id=17076, stack(0x000000f616300000,0x000000f616400000) (1024K)]
  0x000002cfe64435a0 JavaThread "Framework Event Dispatcher: Equinox Container: 47d20e6a-b16b-476d-9d78-c0bde45788d7" daemon [_thread_blocked, id=23412, stack(0x000000f616400000,0x000000f616500000) (1024K)]
  0x000002cfe63b5860 JavaThread "Start Level: Equinox Container: 47d20e6a-b16b-476d-9d78-c0bde45788d7" daemon [_thread_blocked, id=28588, stack(0x000000f616500000,0x000000f616600000) (1024K)]
  0x000002cfe6c53280 JavaThread "Bundle File Closer"         daemon [_thread_blocked, id=15332, stack(0x000000f616700000,0x000000f616800000) (1024K)]
  0x000002cfe6b77440 JavaThread "SCR Component Actor"        daemon [_thread_blocked, id=22316, stack(0x000000f616600000,0x000000f616700000) (1024K)]
  0x000002cfe6e4faf0 JavaThread "Worker-JM"                         [_thread_blocked, id=25152, stack(0x000000f616a00000,0x000000f616b00000) (1024K)]
  0x000002cfe6e50180 JavaThread "Worker-0: Initialize workspace"        [_thread_blocked, id=29156, stack(0x000000f616b00000,0x000000f616c00000) (1024K)]
  0x000002cfe6e50810 JavaThread "Worker-1: Refreshing workspace"        [_thread_blocked, id=29256, stack(0x000000f616c00000,0x000000f616d00000) (1024K)]
  0x000002cfe6e528e0 JavaThread "Java indexing"              daemon [_thread_in_Java, id=18132, stack(0x000000f616d00000,0x000000f616e00000) (1024K)]
  0x000002cfe6e51bc0 JavaThread "Worker-2"                          [_thread_blocked, id=19516, stack(0x000000f616e00000,0x000000f616f00000) (1024K)]
  0x000002cfe6e52250 JavaThread "Worker-3: Building"                [_thread_blocked, id=1488, stack(0x000000f616f00000,0x000000f617000000) (1024K)]
  0x000002cfe6e50ea0 JavaThread "JNA Cleaner"                daemon [_thread_blocked, id=17412, stack(0x000000f617000000,0x000000f617100000) (1024K)]
  0x000002cfe6e4f460 JavaThread "Worker-4"                          [_thread_blocked, id=23780, stack(0x000000f617200000,0x000000f617300000) (1024K)]
  0x000002cfe6e51530 JavaThread "Worker-5: Java indexing... "        [_thread_blocked, id=5804, stack(0x000000f617300000,0x000000f617400000) (1024K)]
  0x000002cfe95aa260 JavaThread "Thread-2"                   daemon [_thread_in_native, id=27816, stack(0x000000f617400000,0x000000f617500000) (1024K)]
  0x000002cfe95a6de0 JavaThread "Thread-3"                   daemon [_thread_in_native, id=15600, stack(0x000000f617500000,0x000000f617600000) (1024K)]
  0x000002cfe95a8820 JavaThread "Thread-4"                   daemon [_thread_in_native, id=20816, stack(0x000000f617600000,0x000000f617700000) (1024K)]
  0x000002cfe95aa8f0 JavaThread "Thread-5"                   daemon [_thread_in_native, id=23836, stack(0x000000f617700000,0x000000f617800000) (1024K)]
  0x000002cfe95a9bd0 JavaThread "Thread-6"                   daemon [_thread_in_native, id=14188, stack(0x000000f617800000,0x000000f617900000) (1024K)]
  0x000002cfe95a6750 JavaThread "Thread-7"                   daemon [_thread_in_native, id=26920, stack(0x000000f617900000,0x000000f617a00000) (1024K)]
  0x000002cfe95abca0 JavaThread "Thread-8"                   daemon [_thread_in_native, id=23788, stack(0x000000f617a00000,0x000000f617b00000) (1024K)]
  0x000002cfe95a8190 JavaThread "Thread-9"                   daemon [_thread_in_native, id=26960, stack(0x000000f617b00000,0x000000f617c00000) (1024K)]
  0x000002cfe95a7b00 JavaThread "Thread-10"                  daemon [_thread_in_native, id=29220, stack(0x000000f617c00000,0x000000f617d00000) (1024K)]
  0x000002cfe95ac330 JavaThread "pool-2-thread-1"                   [_thread_blocked, id=6752, stack(0x000000f617d00000,0x000000f617e00000) (1024K)]
  0x000002cfe95a8eb0 JavaThread "WorkspaceEventsHandler"            [_thread_blocked, id=21280, stack(0x000000f617f00000,0x000000f618000000) (1024K)]
  0x000002cfe95a5a30 JavaThread "pool-1-thread-1"                   [_thread_blocked, id=27464, stack(0x000000f618000000,0x000000f618100000) (1024K)]
=>0x000002cfe6da7600 JavaThread "C2 CompilerThread1"         daemon [_thread_in_native, id=23032, stack(0x000000f616900000,0x000000f616a00000) (1024K)]
Total: 39

Other Threads:
  0x000002cfc44ee8f0 VMThread "VM Thread"                           [id=3000, stack(0x000000f615000000,0x000000f615100000) (1024K)]
  0x000002cfe004c180 WatcherThread "VM Periodic Task Thread"        [id=23992, stack(0x000000f614f00000,0x000000f615000000) (1024K)]
  0x000002cfc446c060 WorkerThread "GC Thread#0"                     [id=3032, stack(0x000000f614e00000,0x000000f614f00000) (1024K)]
  0x000002cfe62f7fd0 WorkerThread "GC Thread#1"                     [id=24780, stack(0x000000f615b00000,0x000000f615c00000) (1024K)]
  0x000002cfe65635f0 WorkerThread "GC Thread#2"                     [id=22612, stack(0x000000f615c00000,0x000000f615d00000) (1024K)]
  0x000002cfe65666e0 WorkerThread "GC Thread#3"                     [id=15768, stack(0x000000f615d00000,0x000000f615e00000) (1024K)]
  0x000002cfe6566a80 WorkerThread "GC Thread#4"                     [id=2640, stack(0x000000f615e00000,0x000000f615f00000) (1024K)]
  0x000002cfe6566e20 WorkerThread "GC Thread#5"                     [id=26752, stack(0x000000f615f00000,0x000000f616000000) (1024K)]
  0x000002cfe6624e70 WorkerThread "GC Thread#6"                     [id=28256, stack(0x000000f616000000,0x000000f616100000) (1024K)]
  0x000002cfe63bf800 WorkerThread "GC Thread#7"                     [id=24316, stack(0x000000f616100000,0x000000f616200000) (1024K)]
Total: 10

Threads with active compile tasks:
C2 CompilerThread0    29446 10553 %     4       org.eclipse.jdt.internal.core.search.indexing.BinaryIndexer::extractReferenceFromConstantPool @ 155 (358 bytes)
C2 CompilerThread1    29446 10295 % !   4       org.eclipse.jdt.internal.compiler.classfmt.ClassFileReader::<init> @ 81 (2135 bytes)
Total: 2

VM state: not at safepoint (normal execution)

VM Mutex/Monitor currently owned by a thread: None

Heap address: 0x0000000080000000, size: 2048 MB, Compressed Oops mode: 32-bit

CDS archive(s) mapped at: [0x000002cf80000000-0x000002cf80c90000-0x000002cf80c90000), size 13172736, SharedBaseAddress: 0x000002cf80000000, ArchiveRelocationMode: 1.
Compressed class space mapped at: 0x000002cf81000000-0x000002cfc1000000, reserved size: 1073741824
Narrow klass base: 0x000002cf80000000, Narrow klass shift: 0, Narrow klass range: 0x100000000

GC Precious Log:
 CardTable entry size: 512
 CPUs: 8 total, 8 available
 Memory: 6058M
 Large Page Support: Disabled
 NUMA Support: Disabled
 Compressed Oops: Enabled (32-bit)
 Alignments: Space 512K, Generation 512K, Heap 2M
 Heap Min Capacity: 100M
 Heap Initial Capacity: 100M
 Heap Max Capacity: 2G
 Pre-touch: Disabled
 Parallel Workers: 8

Heap:
 PSYoungGen      total 20480K, used 11281K [0x00000000d5580000, 0x00000000d7b80000, 0x0000000100000000)
  eden space 16384K, 44% used [0x00000000d5580000,0x00000000d5c8ac68,0x00000000d6580000)
  from space 4096K, 99% used [0x00000000d6e80000,0x00000000d7279ad8,0x00000000d7280000)
  to   space 9216K, 0% used [0x00000000d6580000,0x00000000d6580000,0x00000000d6e80000)
 ParOldGen       total 68608K, used 62167K [0x0000000080000000, 0x0000000084300000, 0x00000000d5580000)
  object space 68608K, 90% used [0x0000000080000000,0x0000000083cb5e28,0x0000000084300000)
 Metaspace       used 60801K, committed 62272K, reserved 1114112K
  class space    used 6357K, committed 7040K, reserved 1048576K

Card table byte_map: [0x000002cfc3e00000,0x000002cfc4210000] _byte_map_base: 0x000002cfc3a00000

Marking Bits: (ParMarkBitMap*) 0x00007ffd09312da0
 Begin Bits: [0x000002cfdbb70000, 0x000002cfddb70000)
 End Bits:   [0x000002cfddb70000, 0x000002cfdfb70000)

Polling page: 0x000002cfc3bf0000

Metaspace:

Usage:
  Non-class:     53.17 MB used.
      Class:      6.21 MB used.
       Both:     59.38 MB used.

Virtual space:
  Non-class space:       64.00 MB reserved,      53.94 MB ( 84%) committed,  1 nodes.
      Class space:        1.00 GB reserved,       6.88 MB ( <1%) committed,  1 nodes.
             Both:        1.06 GB reserved,      60.81 MB (  6%) committed. 

Chunk freelists:
   Non-Class:  9.20 MB
       Class:  9.10 MB
        Both:  18.30 MB

MaxMetaspaceSize: unlimited
CompressedClassSpaceSize: 1.00 GB
Initial GC threshold: 21.00 MB
Current GC threshold: 97.31 MB
CDS: on
 - commit_granule_bytes: 65536.
 - commit_granule_words: 8192.
 - virtual_space_node_default_size: 8388608.
 - enlarge_chunks_in_place: 1.
 - use_allocation_guard: 0.


Internal statistics:

num_allocs_failed_limit: 9.
num_arena_births: 1092.
num_arena_deaths: 22.
num_vsnodes_births: 2.
num_vsnodes_deaths: 0.
num_space_committed: 973.
num_space_uncommitted: 0.
num_chunks_returned_to_freelist: 35.
num_chunks_taken_from_freelist: 3745.
num_chunk_merges: 15.
num_chunk_splits: 2267.
num_chunks_enlarged: 1259.
num_inconsistent_stats: 0.

CodeHeap 'non-profiled nmethods': size=120000Kb used=4903Kb max_used=4903Kb free=115097Kb
 bounds [0x000002cfd4390000, 0x000002cfd4860000, 0x000002cfdb8c0000]
CodeHeap 'profiled nmethods': size=120000Kb used=19971Kb max_used=19971Kb free=100028Kb
 bounds [0x000002cfcc8c0000, 0x000002cfcdc50000, 0x000002cfd3df0000]
CodeHeap 'non-nmethods': size=5760Kb used=1440Kb max_used=1482Kb free=4319Kb
 bounds [0x000002cfd3df0000, 0x000002cfd4060000, 0x000002cfd4390000]
 total_blobs=10568 nmethods=9821 adapters=653
 compilation: enabled
              stopped_count=0, restarted_count=0
 full_count=0

Compilation events (20 events):
Event: 29.260 Thread 0x000002cfe016e740 10568       2       java.util.concurrent.locks.AbstractQueuedSynchronizer::casTail (13 bytes)
Event: 29.260 Thread 0x000002cfe016e740 nmethod 10568 0x000002cfcdc33710 code [0x000002cfcdc338a0, 0x000002cfcdc339d8]
Event: 29.273 Thread 0x000002cfe016e740 10570       1       org.eclipse.jdt.ls.core.internal.preferences.PreferenceManager::getClientPreferences (5 bytes)
Event: 29.274 Thread 0x000002cfe016e740 nmethod 10570 0x000002cfd4856c10 code [0x000002cfd4856da0, 0x000002cfd4856e68]
Event: 29.274 Thread 0x000002cfe016e740 10571       1       com.google.gson.FormattingStyle::usesSpaceAfterSeparators (5 bytes)
Event: 29.274 Thread 0x000002cfe016e740 nmethod 10571 0x000002cfd4856f10 code [0x000002cfd48570a0, 0x000002cfd4857170]
Event: 29.274 Thread 0x000002cfe016e740 10572       1       com.google.gson.FormattingStyle::getNewline (5 bytes)
Event: 29.274 Thread 0x000002cfe016e740 nmethod 10572 0x000002cfd4857210 code [0x000002cfd48573a0, 0x000002cfd4857468]
Event: 29.274 Thread 0x000002cfe016e740 10573       1       com.google.gson.FormattingStyle::getIndent (5 bytes)
Event: 29.275 Thread 0x000002cfe016e740 nmethod 10573 0x000002cfd4857510 code [0x000002cfd48576a0, 0x000002cfd4857768]
Event: 29.275 Thread 0x000002cfe016e740 10574       1       org.eclipse.lsp4j.jsonrpc.messages.Message::getJsonrpc (5 bytes)
Event: 29.275 Thread 0x000002cfe016e740 nmethod 10574 0x000002cfd4857810 code [0x000002cfd48579a0, 0x000002cfd4857a68]
Event: 29.279 Thread 0x000002cfe016e740 10575       2       org.eclipse.core.internal.localstore.SafeChunkyOutputStream::write (22 bytes)
Event: 29.280 Thread 0x000002cfe016e740 nmethod 10575 0x000002cfcdc33a90 code [0x000002cfcdc33c40, 0x000002cfcdc33dd0]
Event: 29.280 Thread 0x000002cfe016e740 10576       2       jdk.internal.misc.Unsafe::allocateMemory (65 bytes)
Event: 29.281 Thread 0x000002cfe016e740 nmethod 10576 0x000002cfcdc33e90 code [0x000002cfcdc340c0, 0x000002cfcdc345f0]
Event: 29.281 Thread 0x000002cfe016e740 10577       2       jdk.internal.misc.Unsafe::allocateMemoryChecks (6 bytes)
Event: 29.282 Thread 0x000002cfe016e740 nmethod 10577 0x000002cfcdc34890 code [0x000002cfcdc34a40, 0x000002cfcdc34c08]
Event: 29.325 Thread 0x000002cfe016e740 10579   !   2       org.eclipse.core.internal.resources.WorkspaceRoot::getProjects (85 bytes)
Event: 29.326 Thread 0x000002cfe016e740 nmethod 10579 0x000002cfcdc34d10 code [0x000002cfcdc34f20, 0x000002cfcdc35448]

GC Heap History (20 events):
Event: 27.097 GC heap before
{Heap before GC invocations=34 (full 3):
 PSYoungGen      total 24064K, used 22016K [0x00000000d5580000, 0x00000000d7100000, 0x0000000100000000)
  eden space 22016K, 100% used [0x00000000d5580000,0x00000000d6b00000,0x00000000d6b00000)
  from space 2048K, 0% used [0x00000000d6f00000,0x00000000d6f00000,0x00000000d7100000)
  to   space 2560K, 0% used [0x00000000d6c00000,0x00000000d6c00000,0x00000000d6e80000)
 ParOldGen       total 68608K, used 37553K [0x0000000080000000, 0x0000000084300000, 0x00000000d5580000)
  object space 68608K, 54% used [0x0000000080000000,0x00000000824ac770,0x0000000084300000)
 Metaspace       used 58670K, committed 60032K, reserved 1114112K
  class space    used 6172K, committed 6784K, reserved 1048576K
}
Event: 27.101 GC heap after
{Heap after GC invocations=34 (full 3):
 PSYoungGen      total 24576K, used 2048K [0x00000000d5580000, 0x00000000d7000000, 0x0000000100000000)
  eden space 22016K, 0% used [0x00000000d5580000,0x00000000d5580000,0x00000000d6b00000)
  from space 2560K, 80% used [0x00000000d6c00000,0x00000000d6e00010,0x00000000d6e80000)
  to   space 1536K, 0% used [0x00000000d6e80000,0x00000000d6e80000,0x00000000d7000000)
 ParOldGen       total 68608K, used 37553K [0x0000000080000000, 0x0000000084300000, 0x00000000d5580000)
  object space 68608K, 54% used [0x0000000080000000,0x00000000824ac770,0x0000000084300000)
 Metaspace       used 58670K, committed 60032K, reserved 1114112K
  class space    used 6172K, committed 6784K, reserved 1048576K
}
Event: 27.236 GC heap before
{Heap before GC invocations=35 (full 3):
 PSYoungGen      total 24576K, used 24064K [0x00000000d5580000, 0x00000000d7000000, 0x0000000100000000)
  eden space 22016K, 100% used [0x00000000d5580000,0x00000000d6b00000,0x00000000d6b00000)
  from space 2560K, 80% used [0x00000000d6c00000,0x00000000d6e00010,0x00000000d6e80000)
  to   space 1536K, 0% used [0x00000000d6e80000,0x00000000d6e80000,0x00000000d7000000)
 ParOldGen       total 68608K, used 37553K [0x0000000080000000, 0x0000000084300000, 0x00000000d5580000)
  object space 68608K, 54% used [0x0000000080000000,0x00000000824ac770,0x0000000084300000)
 Metaspace       used 58764K, committed 60160K, reserved 1114112K
  class space    used 6178K, committed 6784K, reserved 1048576K
}
Event: 27.243 GC heap after
{Heap after GC invocations=35 (full 3):
 PSYoungGen      total 22016K, used 1535K [0x00000000d5580000, 0x00000000d7500000, 0x0000000100000000)
  eden space 20480K, 0% used [0x00000000d5580000,0x00000000d5580000,0x00000000d6980000)
  from space 1536K, 99% used [0x00000000d6e80000,0x00000000d6fffc70,0x00000000d7000000)
  to   space 5120K, 0% used [0x00000000d6980000,0x00000000d6980000,0x00000000d6e80000)
 ParOldGen       total 68608K, used 40365K [0x0000000080000000, 0x0000000084300000, 0x00000000d5580000)
  object space 68608K, 58% used [0x0000000080000000,0x000000008276b780,0x0000000084300000)
 Metaspace       used 58764K, committed 60160K, reserved 1114112K
  class space    used 6178K, committed 6784K, reserved 1048576K
}
Event: 27.332 GC heap before
{Heap before GC invocations=36 (full 3):
 PSYoungGen      total 22016K, used 22015K [0x00000000d5580000, 0x00000000d7500000, 0x0000000100000000)
  eden space 20480K, 100% used [0x00000000d5580000,0x00000000d6980000,0x00000000d6980000)
  from space 1536K, 99% used [0x00000000d6e80000,0x00000000d6fffc70,0x00000000d7000000)
  to   space 5120K, 0% used [0x00000000d6980000,0x00000000d6980000,0x00000000d6e80000)
 ParOldGen       total 68608K, used 40365K [0x0000000080000000, 0x0000000084300000, 0x00000000d5580000)
  object space 68608K, 58% used [0x0000000080000000,0x000000008276b780,0x0000000084300000)
 Metaspace       used 58822K, committed 60160K, reserved 1114112K
  class space    used 6185K, committed 6784K, reserved 1048576K
}
Event: 27.339 GC heap after
{Heap after GC invocations=36 (full 3):
 PSYoungGen      total 23040K, used 2103K [0x00000000d5580000, 0x00000000d6f80000, 0x0000000100000000)
  eden space 20480K, 0% used [0x00000000d5580000,0x00000000d5580000,0x00000000d6980000)
  from space 2560K, 82% used [0x00000000d6980000,0x00000000d6b8df08,0x00000000d6c00000)
  to   space 3072K, 0% used [0x00000000d6c80000,0x00000000d6c80000,0x00000000d6f80000)
 ParOldGen       total 68608K, used 41901K [0x0000000080000000, 0x0000000084300000, 0x00000000d5580000)
  object space 68608K, 61% used [0x0000000080000000,0x00000000828eb6c8,0x0000000084300000)
 Metaspace       used 58822K, committed 60160K, reserved 1114112K
  class space    used 6185K, committed 6784K, reserved 1048576K
}
Event: 27.458 GC heap before
{Heap before GC invocations=37 (full 3):
 PSYoungGen      total 23040K, used 22583K [0x00000000d5580000, 0x00000000d6f80000, 0x0000000100000000)
  eden space 20480K, 100% used [0x00000000d5580000,0x00000000d6980000,0x00000000d6980000)
  from space 2560K, 82% used [0x00000000d6980000,0x00000000d6b8df08,0x00000000d6c00000)
  to   space 3072K, 0% used [0x00000000d6c80000,0x00000000d6c80000,0x00000000d6f80000)
 ParOldGen       total 68608K, used 41901K [0x0000000080000000, 0x0000000084300000, 0x00000000d5580000)
  object space 68608K, 61% used [0x0000000080000000,0x00000000828eb6c8,0x0000000084300000)
 Metaspace       used 58861K, committed 60224K, reserved 1114112K
  class space    used 6185K, committed 6784K, reserved 1048576K
}
Event: 27.464 GC heap after
{Heap after GC invocations=37 (full 3):
 PSYoungGen      total 23040K, used 2459K [0x00000000d5580000, 0x00000000d6f00000, 0x0000000100000000)
  eden space 20480K, 0% used [0x00000000d5580000,0x00000000d5580000,0x00000000d6980000)
  from space 2560K, 96% used [0x00000000d6c80000,0x00000000d6ee6c18,0x00000000d6f00000)
  to   space 2560K, 0% used [0x00000000d6980000,0x00000000d6980000,0x00000000d6c00000)
 ParOldGen       total 68608K, used 43794K [0x0000000080000000, 0x0000000084300000, 0x00000000d5580000)
  object space 68608K, 63% used [0x0000000080000000,0x0000000082ac4a60,0x0000000084300000)
 Metaspace       used 58861K, committed 60224K, reserved 1114112K
  class space    used 6185K, committed 6784K, reserved 1048576K
}
Event: 27.563 GC heap before
{Heap before GC invocations=38 (full 3):
 PSYoungGen      total 23040K, used 22939K [0x00000000d5580000, 0x00000000d6f00000, 0x0000000100000000)
  eden space 20480K, 100% used [0x00000000d5580000,0x00000000d6980000,0x00000000d6980000)
  from space 2560K, 96% used [0x00000000d6c80000,0x00000000d6ee6c18,0x00000000d6f00000)
  to   space 2560K, 0% used [0x00000000d6980000,0x00000000d6980000,0x00000000d6c00000)
 ParOldGen       total 68608K, used 43794K [0x0000000080000000, 0x0000000084300000, 0x00000000d5580000)
  object space 68608K, 63% used [0x0000000080000000,0x0000000082ac4a60,0x0000000084300000)
 Metaspace       used 58889K, committed 60224K, reserved 1114112K
  class space    used 6185K, committed 6784K, reserved 1048576K
}
Event: 27.570 GC heap after
{Heap after GC invocations=38 (full 3):
 PSYoungGen      total 23040K, used 2282K [0x00000000d5580000, 0x00000000d6e80000, 0x0000000100000000)
  eden space 20480K, 0% used [0x00000000d5580000,0x00000000d5580000,0x00000000d6980000)
  from space 2560K, 89% used [0x00000000d6980000,0x00000000d6bba938,0x00000000d6c00000)
  to   space 2560K, 0% used [0x00000000d6c00000,0x00000000d6c00000,0x00000000d6e80000)
 ParOldGen       total 68608K, used 46083K [0x0000000080000000, 0x0000000084300000, 0x00000000d5580000)
  object space 68608K, 67% used [0x0000000080000000,0x0000000082d00fc0,0x0000000084300000)
 Metaspace       used 58889K, committed 60224K, reserved 1114112K
  class space    used 6185K, committed 6784K, reserved 1048576K
}
Event: 27.713 GC heap before
{Heap before GC invocations=39 (full 3):
 PSYoungGen      total 23040K, used 22762K [0x00000000d5580000, 0x00000000d6e80000, 0x0000000100000000)
  eden space 20480K, 100% used [0x00000000d5580000,0x00000000d6980000,0x00000000d6980000)
  from space 2560K, 89% used [0x00000000d6980000,0x00000000d6bba938,0x00000000d6c00000)
  to   space 2560K, 0% used [0x00000000d6c00000,0x00000000d6c00000,0x00000000d6e80000)
 ParOldGen       total 68608K, used 46083K [0x0000000080000000, 0x0000000084300000, 0x00000000d5580000)
  object space 68608K, 67% used [0x0000000080000000,0x0000000082d00fc0,0x0000000084300000)
 Metaspace       used 59064K, committed 60416K, reserved 1114112K
  class space    used 6202K, committed 6784K, reserved 1048576K
}
Event: 27.720 GC heap after
{Heap after GC invocations=39 (full 3):
 PSYoungGen      total 23040K, used 1948K [0x00000000d5580000, 0x00000000d6e80000, 0x0000000100000000)
  eden space 20480K, 0% used [0x00000000d5580000,0x00000000d5580000,0x00000000d6980000)
  from space 2560K, 76% used [0x00000000d6c00000,0x00000000d6de7308,0x00000000d6e80000)
  to   space 2560K, 0% used [0x00000000d6980000,0x00000000d6980000,0x00000000d6c00000)
 ParOldGen       total 68608K, used 48256K [0x0000000080000000, 0x0000000084300000, 0x00000000d5580000)
  object space 68608K, 70% used [0x0000000080000000,0x0000000082f20000,0x0000000084300000)
 Metaspace       used 59064K, committed 60416K, reserved 1114112K
  class space    used 6202K, committed 6784K, reserved 1048576K
}
Event: 28.026 GC heap before
{Heap before GC invocations=40 (full 3):
 PSYoungGen      total 23040K, used 22428K [0x00000000d5580000, 0x00000000d6e80000, 0x0000000100000000)
  eden space 20480K, 100% used [0x00000000d5580000,0x00000000d6980000,0x00000000d6980000)
  from space 2560K, 76% used [0x00000000d6c00000,0x00000000d6de7308,0x00000000d6e80000)
  to   space 2560K, 0% used [0x00000000d6980000,0x00000000d6980000,0x00000000d6c00000)
 ParOldGen       total 68608K, used 48256K [0x0000000080000000, 0x0000000084300000, 0x00000000d5580000)
  object space 68608K, 70% used [0x0000000080000000,0x0000000082f20000,0x0000000084300000)
 Metaspace       used 59302K, committed 60672K, reserved 1114112K
  class space    used 6217K, committed 6784K, reserved 1048576K
}
Event: 28.036 GC heap after
{Heap after GC invocations=40 (full 3):
 PSYoungGen      total 23040K, used 2553K [0x00000000d5580000, 0x00000000d7680000, 0x0000000100000000)
  eden space 20480K, 0% used [0x00000000d5580000,0x00000000d5580000,0x00000000d6980000)
  from space 2560K, 99% used [0x00000000d6980000,0x00000000d6bfe6c8,0x00000000d6c00000)
  to   space 6656K, 0% used [0x00000000d7000000,0x00000000d7000000,0x00000000d7680000)
 ParOldGen       total 68608K, used 51363K [0x0000000080000000, 0x0000000084300000, 0x00000000d5580000)
  object space 68608K, 74% used [0x0000000080000000,0x0000000083228fd0,0x0000000084300000)
 Metaspace       used 59302K, committed 60672K, reserved 1114112K
  class space    used 6217K, committed 6784K, reserved 1048576K
}
Event: 28.345 GC heap before
{Heap before GC invocations=41 (full 3):
 PSYoungGen      total 23040K, used 23033K [0x00000000d5580000, 0x00000000d7680000, 0x0000000100000000)
  eden space 20480K, 100% used [0x00000000d5580000,0x00000000d6980000,0x00000000d6980000)
  from space 2560K, 99% used [0x00000000d6980000,0x00000000d6bfe6c8,0x00000000d6c00000)
  to   space 6656K, 0% used [0x00000000d7000000,0x00000000d7000000,0x00000000d7680000)
 ParOldGen       total 68608K, used 51363K [0x0000000080000000, 0x0000000084300000, 0x00000000d5580000)
  object space 68608K, 74% used [0x0000000080000000,0x0000000083228fd0,0x0000000084300000)
 Metaspace       used 59315K, committed 60672K, reserved 1114112K
  class space    used 6217K, committed 6784K, reserved 1048576K
}
Event: 28.351 GC heap after
{Heap after GC invocations=41 (full 3):
 PSYoungGen      total 25088K, used 4604K [0x00000000d5580000, 0x00000000d7480000, 0x0000000100000000)
  eden space 20480K, 0% used [0x00000000d5580000,0x00000000d5580000,0x00000000d6980000)
  from space 4608K, 99% used [0x00000000d7000000,0x00000000d747f2f0,0x00000000d7480000)
  to   space 5120K, 0% used [0x00000000d6a80000,0x00000000d6a80000,0x00000000d6f80000)
 ParOldGen       total 68608K, used 53821K [0x0000000080000000, 0x0000000084300000, 0x00000000d5580000)
  object space 68608K, 78% used [0x0000000080000000,0x000000008348f548,0x0000000084300000)
 Metaspace       used 59315K, committed 60672K, reserved 1114112K
  class space    used 6217K, committed 6784K, reserved 1048576K
}
Event: 28.693 GC heap before
{Heap before GC invocations=42 (full 3):
 PSYoungGen      total 25088K, used 25084K [0x00000000d5580000, 0x00000000d7480000, 0x0000000100000000)
  eden space 20480K, 100% used [0x00000000d5580000,0x00000000d6980000,0x00000000d6980000)
  from space 4608K, 99% used [0x00000000d7000000,0x00000000d747f2f0,0x00000000d7480000)
  to   space 5120K, 0% used [0x00000000d6a80000,0x00000000d6a80000,0x00000000d6f80000)
 ParOldGen       total 68608K, used 53821K [0x0000000080000000, 0x0000000084300000, 0x00000000d5580000)
  object space 68608K, 78% used [0x0000000080000000,0x000000008348f548,0x0000000084300000)
 Metaspace       used 59697K, committed 61056K, reserved 1114112K
  class space    used 6239K, committed 6848K, reserved 1048576K
}
Event: 28.702 GC heap after
{Heap after GC invocations=42 (full 3):
 PSYoungGen      total 24576K, used 3810K [0x00000000d5580000, 0x00000000d7280000, 0x0000000100000000)
  eden space 20480K, 0% used [0x00000000d5580000,0x00000000d5580000,0x00000000d6980000)
  from space 4096K, 93% used [0x00000000d6a80000,0x00000000d6e38820,0x00000000d6e80000)
  to   space 4096K, 0% used [0x00000000d6e80000,0x00000000d6e80000,0x00000000d7280000)
 ParOldGen       total 68608K, used 58089K [0x0000000080000000, 0x0000000084300000, 0x00000000d5580000)
  object space 68608K, 84% used [0x0000000080000000,0x00000000838ba440,0x0000000084300000)
 Metaspace       used 59697K, committed 61056K, reserved 1114112K
  class space    used 6239K, committed 6848K, reserved 1048576K
}
Event: 29.200 GC heap before
{Heap before GC invocations=43 (full 3):
 PSYoungGen      total 24576K, used 24290K [0x00000000d5580000, 0x00000000d7280000, 0x0000000100000000)
  eden space 20480K, 100% used [0x00000000d5580000,0x00000000d6980000,0x00000000d6980000)
  from space 4096K, 93% used [0x00000000d6a80000,0x00000000d6e38820,0x00000000d6e80000)
  to   space 4096K, 0% used [0x00000000d6e80000,0x00000000d6e80000,0x00000000d7280000)
 ParOldGen       total 68608K, used 58089K [0x0000000080000000, 0x0000000084300000, 0x00000000d5580000)
  object space 68608K, 84% used [0x0000000080000000,0x00000000838ba440,0x0000000084300000)
 Metaspace       used 60286K, committed 61696K, reserved 1114112K
  class space    used 6299K, committed 6912K, reserved 1048576K
}
Event: 29.210 GC heap after
{Heap after GC invocations=43 (full 3):
 PSYoungGen      total 20480K, used 4070K [0x00000000d5580000, 0x00000000d7b80000, 0x0000000100000000)
  eden space 16384K, 0% used [0x00000000d5580000,0x00000000d5580000,0x00000000d6580000)
  from space 4096K, 99% used [0x00000000d6e80000,0x00000000d7279ad8,0x00000000d7280000)
  to   space 9216K, 0% used [0x00000000d6580000,0x00000000d6580000,0x00000000d6e80000)
 ParOldGen       total 68608K, used 62167K [0x0000000080000000, 0x0000000084300000, 0x00000000d5580000)
  object space 68608K, 90% used [0x0000000080000000,0x0000000083cb5e28,0x0000000084300000)
 Metaspace       used 60286K, committed 61696K, reserved 1114112K
  class space    used 6299K, committed 6912K, reserved 1048576K
}

Dll operation events (15 events):
Event: 0.029 Loaded shared library C:\Program Files\Java\jdk-21\bin\java.dll
Event: 0.228 Loaded shared library C:\Program Files\Java\jdk-21\bin\jsvml.dll
Event: 0.368 Loaded shared library C:\Program Files\Java\jdk-21\bin\zip.dll
Event: 0.377 Loaded shared library C:\Program Files\Java\jdk-21\bin\instrument.dll
Event: 0.407 Loaded shared library C:\Program Files\Java\jdk-21\bin\net.dll
Event: 0.435 Loaded shared library C:\Program Files\Java\jdk-21\bin\nio.dll
Event: 0.454 Loaded shared library C:\Program Files\Java\jdk-21\bin\zip.dll
Event: 0.580 Loaded shared library C:\Program Files\Java\jdk-21\bin\jimage.dll
Event: 0.907 Loaded shared library C:\Program Files\Java\jdk-21\bin\verify.dll
Event: 5.619 Loaded shared library C:\Users\Yusly\AppData\Roaming\Code\User\globalStorage\redhat.java\1.43.0\config_win\org.eclipse.equinox.launcher\org.eclipse.equinox.launcher.win32.win32.x86_64_1.2.1300.v20250331-1702\eclipse_11911.dll
Event: 9.242 Loaded shared library C:\Program Files\Java\jdk-21\bin\management.dll
Event: 9.248 Loaded shared library C:\Program Files\Java\jdk-21\bin\management_ext.dll
Event: 11.967 Loaded shared library C:\Users\Yusly\AppData\Local\Temp\jna-85792900\jna364240497943738632.dll
Event: 12.935 Loaded shared library C:\Program Files\Java\jdk-21\bin\sunmscapi.dll
Event: 13.234 Loaded shared library C:\Program Files\Java\jdk-21\bin\extnet.dll

Deoptimization events (20 events):
Event: 29.078 Thread 0x000002cfe95a5a30 Uncommon trap: trap_request=0xffffffc6 fr.pc=0x000002cfd4797424 relative=0x0000000000000924
Event: 29.078 Thread 0x000002cfe95a5a30 Uncommon trap: reason=bimorphic_or_optimized_type_check action=maybe_recompile pc=0x000002cfd4797424 method=java.util.concurrent.ConcurrentHashMap.putAll(Ljava/util/Map;)V @ 32 c2
Event: 29.078 Thread 0x000002cfe95a5a30 DEOPT PACKING pc=0x000002cfd4797424 sp=0x000000f6180fe520
Event: 29.078 Thread 0x000002cfe95a5a30 DEOPT UNPACKING pc=0x000002cfd3e43aa2 sp=0x000000f6180fe4d0 mode 2
Event: 29.078 Thread 0x000002cfe95a5a30 Uncommon trap: trap_request=0xffffffc6 fr.pc=0x000002cfd45ef754 relative=0x0000000000000254
Event: 29.078 Thread 0x000002cfe95a5a30 Uncommon trap: reason=bimorphic_or_optimized_type_check action=maybe_recompile pc=0x000002cfd45ef754 method=com.google.gson.internal.bind.TypeAdapterRuntimeTypeWrapper.read(Lcom/google/gson/stream/JsonReader;)Ljava/lang/Object; @ 5 c2
Event: 29.078 Thread 0x000002cfe95a5a30 DEOPT PACKING pc=0x000002cfd45ef754 sp=0x000000f6180fe5a0
Event: 29.078 Thread 0x000002cfe95a5a30 DEOPT UNPACKING pc=0x000002cfd3e43aa2 sp=0x000000f6180fe538 mode 2
Event: 29.078 Thread 0x000002cfe95a5a30 Uncommon trap: trap_request=0xffffffc6 fr.pc=0x000002cfd45ef754 relative=0x0000000000000254
Event: 29.078 Thread 0x000002cfe95a5a30 Uncommon trap: reason=bimorphic_or_optimized_type_check action=maybe_recompile pc=0x000002cfd45ef754 method=com.google.gson.internal.bind.TypeAdapterRuntimeTypeWrapper.read(Lcom/google/gson/stream/JsonReader;)Ljava/lang/Object; @ 5 c2
Event: 29.078 Thread 0x000002cfe95a5a30 DEOPT PACKING pc=0x000002cfd45ef754 sp=0x000000f6180fe5a0
Event: 29.078 Thread 0x000002cfe95a5a30 DEOPT UNPACKING pc=0x000002cfd3e43aa2 sp=0x000000f6180fe538 mode 2
Event: 29.110 Thread 0x000002cfe95aaf80 Uncommon trap: trap_request=0xffffff45 fr.pc=0x000002cfd47300f4 relative=0x00000000000000d4
Event: 29.111 Thread 0x000002cfe95aaf80 Uncommon trap: reason=unstable_if action=reinterpret pc=0x000002cfd47300f4 method=java.util.stream.AbstractPipeline.sourceSpliterator(I)Ljava/util/Spliterator; @ 82 c2
Event: 29.111 Thread 0x000002cfe95aaf80 DEOPT PACKING pc=0x000002cfd47300f4 sp=0x000000f6168ff070
Event: 29.111 Thread 0x000002cfe95aaf80 DEOPT UNPACKING pc=0x000002cfd3e43aa2 sp=0x000000f6168fefd0 mode 2
Event: 29.116 Thread 0x000002cfe95aaf80 DEOPT PACKING pc=0x000002cfcd8de478 sp=0x000000f6168fc670
Event: 29.116 Thread 0x000002cfe95aaf80 DEOPT UNPACKING pc=0x000002cfd3e44242 sp=0x000000f6168fbb50 mode 0
Event: 29.268 Thread 0x000002cfe6e50180 DEOPT PACKING pc=0x000002cfcd8de478 sp=0x000000f616bf91a0
Event: 29.268 Thread 0x000002cfe6e50180 DEOPT UNPACKING pc=0x000002cfd3e44242 sp=0x000000f616bf8680 mode 0

Classes loaded (20 events):
Event: 29.111 Loading class java/util/stream/Nodes$CollectorTask$OfRef
Event: 29.111 Loading class java/util/stream/Nodes$CollectorTask
Event: 29.113 Loading class java/util/stream/Nodes$CollectorTask done
Event: 29.113 Loading class java/util/stream/Nodes$CollectorTask$OfRef done
Event: 29.113 Loading class java/util/function/LongFunction
Event: 29.114 Loading class java/util/function/LongFunction done
Event: 29.115 Loading class java/util/stream/Nodes$ConcNode
Event: 29.115 Loading class java/util/stream/Nodes$AbstractConcNode
Event: 29.116 Loading class java/util/stream/Nodes$AbstractConcNode done
Event: 29.116 Loading class java/util/stream/Nodes$ConcNode done
Event: 29.185 Loading class java/io/FileFilter
Event: 29.185 Loading class java/io/FileFilter done
Event: 29.232 Loading class java/util/CollSer
Event: 29.232 Loading class java/util/CollSer done
Event: 29.238 Loading class java/util/Collections$SynchronizedRandomAccessList
Event: 29.239 Loading class java/util/Collections$SynchronizedList
Event: 29.240 Loading class java/util/Collections$SynchronizedList done
Event: 29.240 Loading class java/util/Collections$SynchronizedRandomAccessList done
Event: 29.283 Loading class java/util/concurrent/CompletableFuture$Signaller
Event: 29.284 Loading class java/util/concurrent/CompletableFuture$Signaller done

Classes unloaded (11 events):
Event: 10.410 Thread 0x000002cfc44ee8f0 Unloading class 0x000002cf811b4800 'java/lang/invoke/LambdaForm$MH+0x000002cf811b4800'
Event: 10.410 Thread 0x000002cfc44ee8f0 Unloading class 0x000002cf811b4400 'java/lang/invoke/LambdaForm$MH+0x000002cf811b4400'
Event: 10.410 Thread 0x000002cfc44ee8f0 Unloading class 0x000002cf811b4000 'java/lang/invoke/LambdaForm$MH+0x000002cf811b4000'
Event: 10.410 Thread 0x000002cfc44ee8f0 Unloading class 0x000002cf811b3c00 'java/lang/invoke/LambdaForm$MH+0x000002cf811b3c00'
Event: 10.410 Thread 0x000002cfc44ee8f0 Unloading class 0x000002cf811b3800 'java/lang/invoke/LambdaForm$BMH+0x000002cf811b3800'
Event: 10.410 Thread 0x000002cfc44ee8f0 Unloading class 0x000002cf811b3400 'java/lang/invoke/LambdaForm$DMH+0x000002cf811b3400'
Event: 10.410 Thread 0x000002cfc44ee8f0 Unloading class 0x000002cf811b2000 'java/lang/invoke/LambdaForm$DMH+0x000002cf811b2000'
Event: 26.871 Thread 0x000002cfc44ee8f0 Unloading class 0x000002cf81640c00 'java/lang/invoke/LambdaForm$DMH+0x000002cf81640c00'
Event: 26.871 Thread 0x000002cfc44ee8f0 Unloading class 0x000002cf81640800 'java/lang/invoke/LambdaForm$DMH+0x000002cf81640800'
Event: 26.871 Thread 0x000002cfc44ee8f0 Unloading class 0x000002cf81640400 'java/lang/invoke/LambdaForm$DMH+0x000002cf81640400'
Event: 26.871 Thread 0x000002cfc44ee8f0 Unloading class 0x000002cf81640000 'java/lang/invoke/LambdaForm$DMH+0x000002cf81640000'

Classes redefined (0 events):
No events

Internal exceptions (20 events):
Event: 29.089 Thread 0x000002cfe95a5a30 Exception <a 'sun/nio/fs/WindowsException'{0x00000000d663ebf0}> (0x00000000d663ebf0) 
thrown [s\open\src\hotspot\share\prims\jni.cpp, line 520]
Event: 29.089 Thread 0x000002cfe95a5a30 Exception <a 'sun/nio/fs/WindowsException'{0x00000000d663f240}> (0x00000000d663f240) 
thrown [s\open\src\hotspot\share\prims\jni.cpp, line 520]
Event: 29.091 Thread 0x000002cfe95a5a30 Exception <a 'sun/nio/fs/WindowsException'{0x00000000d66431c0}> (0x00000000d66431c0) 
thrown [s\open\src\hotspot\share\prims\jni.cpp, line 520]
Event: 29.092 Thread 0x000002cfe95a5a30 Exception <a 'sun/nio/fs/WindowsException'{0x00000000d6643810}> (0x00000000d6643810) 
thrown [s\open\src\hotspot\share\prims\jni.cpp, line 520]
Event: 29.093 Thread 0x000002cfe95a5a30 Exception <a 'sun/nio/fs/WindowsException'{0x00000000d6644b00}> (0x00000000d6644b00) 
thrown [s\open\src\hotspot\share\prims\jni.cpp, line 520]
Event: 29.093 Thread 0x000002cfe95a5a30 Exception <a 'sun/nio/fs/WindowsException'{0x00000000d6689858}> (0x00000000d6689858) 
thrown [s\open\src\hotspot\share\prims\jni.cpp, line 520]
Event: 29.093 Thread 0x000002cfe95a5a30 Exception <a 'sun/nio/fs/WindowsException'{0x00000000d668ab58}> (0x00000000d668ab58) 
thrown [s\open\src\hotspot\share\prims\jni.cpp, line 520]
Event: 29.094 Thread 0x000002cfe95a5a30 Exception <a 'sun/nio/fs/WindowsException'{0x00000000d668b4b8}> (0x00000000d668b4b8) 
thrown [s\open\src\hotspot\share\prims\jni.cpp, line 520]
Event: 29.095 Thread 0x000002cfe95a5a30 Exception <a 'sun/nio/fs/WindowsException'{0x00000000d668c488}> (0x00000000d668c488) 
thrown [s\open\src\hotspot\share\prims\jni.cpp, line 520]
Event: 29.095 Thread 0x000002cfe95a5a30 Exception <a 'sun/nio/fs/WindowsException'{0x00000000d668ccf8}> (0x00000000d668ccf8) 
thrown [s\open\src\hotspot\share\prims\jni.cpp, line 520]
Event: 29.095 Thread 0x000002cfe95a5a30 Exception <a 'sun/nio/fs/WindowsException'{0x00000000d668dac8}> (0x00000000d668dac8) 
thrown [s\open\src\hotspot\share\prims\jni.cpp, line 520]
Event: 29.095 Thread 0x000002cfe95a5a30 Exception <a 'sun/nio/fs/WindowsException'{0x00000000d668e378}> (0x00000000d668e378) 
thrown [s\open\src\hotspot\share\prims\jni.cpp, line 520]
Event: 29.096 Thread 0x000002cfe95a5a30 Exception <a 'sun/nio/fs/WindowsException'{0x00000000d668f208}> (0x00000000d668f208) 
thrown [s\open\src\hotspot\share\prims\jni.cpp, line 520]
Event: 29.096 Thread 0x000002cfe95a5a30 Exception <a 'sun/nio/fs/WindowsException'{0x00000000d66cfbc0}> (0x00000000d66cfbc0) 
thrown [s\open\src\hotspot\share\prims\jni.cpp, line 520]
Event: 29.097 Thread 0x000002cfe95a5a30 Exception <a 'sun/nio/fs/WindowsException'{0x00000000d66d0c00}> (0x00000000d66d0c00) 
thrown [s\open\src\hotspot\share\prims\jni.cpp, line 520]
Event: 29.097 Thread 0x000002cfe95a5a30 Exception <a 'sun/nio/fs/WindowsException'{0x00000000d66d1230}> (0x00000000d66d1230) 
thrown [s\open\src\hotspot\share\prims\jni.cpp, line 520]
Event: 29.242 Thread 0x000002cfe6e51bc0 Exception <a 'java/lang/NoSuchMethodError'{0x00000000d578fb20}: static Lorg/eclipse/m2e/core/internal/project/registry/MavenProjectFacade$MavenProjectConfiguration;.<clinit>()V> (0x00000000d578fb20) 
thrown [s\open\src\hotspot\share\prims\jni.cpp, line 1111]
Event: 29.247 Thread 0x000002cfe6e51bc0 Exception <a 'java/lang/NoSuchMethodError'{0x00000000d57cde00}: static [J.<clinit>()V> (0x00000000d57cde00) 
thrown [s\open\src\hotspot\share\prims\jni.cpp, line 1111]
Event: 29.322 Thread 0x000002cfe6e51bc0 Exception <a 'sun/nio/fs/WindowsException'{0x00000000d59dd380}> (0x00000000d59dd380) 
thrown [s\open\src\hotspot\share\prims\jni.cpp, line 520]
Event: 29.323 Thread 0x000002cfe6e51bc0 Exception <a 'sun/nio/fs/WindowsException'{0x00000000d59de7f8}> (0x00000000d59de7f8) 
thrown [s\open\src\hotspot\share\prims\jni.cpp, line 520]

ZGC Phase Switch (0 events):
No events

VM Operations (20 events):
Event: 27.458 Executing VM operation: ParallelGCFailedAllocation (Allocation Failure)
Event: 27.464 Executing VM operation: ParallelGCFailedAllocation (Allocation Failure) done
Event: 27.563 Executing VM operation: ParallelGCFailedAllocation (Allocation Failure)
Event: 27.571 Executing VM operation: ParallelGCFailedAllocation (Allocation Failure) done
Event: 27.713 Executing VM operation: ParallelGCFailedAllocation (Allocation Failure)
Event: 27.720 Executing VM operation: ParallelGCFailedAllocation (Allocation Failure) done
Event: 28.026 Executing VM operation: ParallelGCFailedAllocation (Allocation Failure)
Event: 28.036 Executing VM operation: ParallelGCFailedAllocation (Allocation Failure) done
Event: 28.345 Executing VM operation: ParallelGCFailedAllocation (Allocation Failure)
Event: 28.351 Executing VM operation: ParallelGCFailedAllocation (Allocation Failure) done
Event: 28.693 Executing VM operation: ParallelGCFailedAllocation (Allocation Failure)
Event: 28.703 Executing VM operation: ParallelGCFailedAllocation (Allocation Failure) done
Event: 28.747 Executing VM operation: HandshakeAllThreads (Deoptimize)
Event: 28.747 Executing VM operation: HandshakeAllThreads (Deoptimize) done
Event: 29.190 Executing VM operation: ParallelGCFailedAllocation (Allocation Failure)
Event: 29.217 Executing VM operation: ParallelGCFailedAllocation (Allocation Failure) done
Event: 29.222 Executing VM operation: HandshakeAllThreads (Deoptimize)
Event: 29.222 Executing VM operation: HandshakeAllThreads (Deoptimize) done
Event: 29.226 Executing VM operation: HandshakeAllThreads (Deoptimize)
Event: 29.227 Executing VM operation: HandshakeAllThreads (Deoptimize) done

Events (20 events):
Event: 26.914 Thread 0x000002cfc44ee8f0 flushing nmethod 0x000002cfcd16a490
Event: 26.914 Thread 0x000002cfc44ee8f0 flushing nmethod 0x000002cfcd16fc10
Event: 26.914 Thread 0x000002cfc44ee8f0 flushing nmethod 0x000002cfcd171210
Event: 26.914 Thread 0x000002cfc44ee8f0 flushing nmethod 0x000002cfcd172710
Event: 26.914 Thread 0x000002cfc44ee8f0 flushing nmethod 0x000002cfcd172b10
Event: 26.914 Thread 0x000002cfc44ee8f0 flushing nmethod 0x000002cfcd172f90
Event: 26.914 Thread 0x000002cfc44ee8f0 flushing nmethod 0x000002cfcd174410
Event: 26.914 Thread 0x000002cfc44ee8f0 flushing nmethod 0x000002cfcd175f10
Event: 26.914 Thread 0x000002cfc44ee8f0 flushing nmethod 0x000002cfcd176510
Event: 26.914 Thread 0x000002cfc44ee8f0 flushing nmethod 0x000002cfcd17cb10
Event: 26.914 Thread 0x000002cfc44ee8f0 flushing nmethod 0x000002cfcd17d710
Event: 26.914 Thread 0x000002cfc44ee8f0 flushing nmethod 0x000002cfcd17de90
Event: 26.914 Thread 0x000002cfc44ee8f0 flushing nmethod 0x000002cfcd185c10
Event: 26.914 Thread 0x000002cfc44ee8f0 flushing nmethod 0x000002cfcd186010
Event: 26.914 Thread 0x000002cfc44ee8f0 flushing nmethod 0x000002cfcd1abb90
Event: 26.914 Thread 0x000002cfc44ee8f0 flushing nmethod 0x000002cfcd1c1b10
Event: 28.459 Thread 0x000002cfe95aaf80 Thread added: 0x000002cfe95aaf80
Event: 28.464 Thread 0x000002cfe95aaf80 Thread exited: 0x000002cfe95aaf80
Event: 29.074 Thread 0x000002cfe95aaf80 Thread added: 0x000002cfe95aaf80
Event: 29.118 Thread 0x000002cfe95aaf80 Thread exited: 0x000002cfe95aaf80


Dynamic libraries:
0x00007ff76d540000 - 0x00007ff76d550000 	C:\Program Files\Java\jdk-21\bin\java.exe
0x00007ffde3650000 - 0x00007ffde3867000 	C:\WINDOWS\SYSTEM32\ntdll.dll
0x00007ffde1c70000 - 0x00007ffde1d34000 	C:\WINDOWS\System32\KERNEL32.DLL
0x00007ffde0b80000 - 0x00007ffde0f52000 	C:\WINDOWS\System32\KERNELBASE.dll
0x00007ffde11c0000 - 0x00007ffde12d1000 	C:\WINDOWS\System32\ucrtbase.dll
0x00007ffd836f0000 - 0x00007ffd83709000 	C:\Program Files\Java\jdk-21\bin\jli.dll
0x00007ffde1b80000 - 0x00007ffde1c31000 	C:\WINDOWS\System32\ADVAPI32.dll
0x00007ffde2c90000 - 0x00007ffde2d37000 	C:\WINDOWS\System32\msvcrt.dll
0x00007ffde3140000 - 0x00007ffde31e8000 	C:\WINDOWS\System32\sechost.dll
0x00007ffde0f60000 - 0x00007ffde0f88000 	C:\WINDOWS\System32\bcrypt.dll
0x00007ffde12e0000 - 0x00007ffde13f4000 	C:\WINDOWS\System32\RPCRT4.dll
0x00007ffde31f0000 - 0x00007ffde33a1000 	C:\WINDOWS\System32\USER32.dll
0x00007ffde0b50000 - 0x00007ffde0b76000 	C:\WINDOWS\System32\win32u.dll
0x00007ffde1680000 - 0x00007ffde16a9000 	C:\WINDOWS\System32\GDI32.dll
0x00007ffde09a0000 - 0x00007ffde0ac3000 	C:\WINDOWS\System32\gdi32full.dll
0x00007ffde0740000 - 0x00007ffde07da000 	C:\WINDOWS\System32\msvcp_win.dll
0x00007ffd836d0000 - 0x00007ffd836eb000 	C:\Program Files\Java\jdk-21\bin\VCRUNTIME140.dll
0x00007ffdc8d90000 - 0x00007ffdc902b000 	C:\WINDOWS\WinSxS\amd64_microsoft.windows.common-controls_6595b64144ccf1df_6.0.22621.5415_none_270d77d17387d7da\COMCTL32.dll
0x00007ffdd5490000 - 0x00007ffdd549a000 	C:\WINDOWS\SYSTEM32\VERSION.dll
0x00007ffde16c0000 - 0x00007ffde16f1000 	C:\WINDOWS\System32\IMM32.DLL
0x00007ffdbef50000 - 0x00007ffdbf0ac000 	C:\Program Files (x86)\Citrix\ICA Client\ctxapclient64.dll
0x00007ffde28d0000 - 0x00007ffde2c63000 	C:\WINDOWS\System32\combase.dll
0x00007ffddf840000 - 0x00007ffddf874000 	C:\WINDOWS\SYSTEM32\ntmarta.dll
0x00007ffde0920000 - 0x00007ffde099b000 	C:\WINDOWS\System32\bcryptprimitives.dll
0x00007ffdb4700000 - 0x00007ffdb470c000 	C:\Program Files\Java\jdk-21\bin\vcruntime140_1.dll
0x00007ffd83460000 - 0x00007ffd834ee000 	C:\Program Files\Java\jdk-21\bin\msvcp140.dll
0x00007ffd086d0000 - 0x00007ffd093ea000 	C:\Program Files\Java\jdk-21\bin\server\jvm.dll
0x00007ffde1f10000 - 0x00007ffde1f81000 	C:\WINDOWS\System32\WS2_32.dll
0x00007ffde0610000 - 0x00007ffde065d000 	C:\WINDOWS\SYSTEM32\POWRPROF.dll
0x00007ffddb900000 - 0x00007ffddb934000 	C:\WINDOWS\SYSTEM32\WINMM.dll
0x00007ffde05f0000 - 0x00007ffde0603000 	C:\WINDOWS\SYSTEM32\UMPDC.dll
0x00007ffddf730000 - 0x00007ffddf748000 	C:\WINDOWS\SYSTEM32\kernel.appcore.dll
0x00007ffdb45b0000 - 0x00007ffdb45ba000 	C:\Program Files\Java\jdk-21\bin\jimage.dll
0x00007ffdd6750000 - 0x00007ffdd6983000 	C:\WINDOWS\SYSTEM32\DBGHELP.DLL
0x000002cfc2230000 - 0x000002cfc2307000 	C:\WINDOWS\System32\OLEAUT32.dll
0x00007ffdc90b0000 - 0x00007ffdc90e2000 	C:\WINDOWS\SYSTEM32\dbgcore.DLL
0x00007ffdb1910000 - 0x00007ffdb191f000 	C:\Program Files\Java\jdk-21\bin\instrument.dll
0x00007ffd842a0000 - 0x00007ffd842bf000 	C:\Program Files\Java\jdk-21\bin\java.dll
0x00007ffde1fa0000 - 0x00007ffde2842000 	C:\WINDOWS\System32\SHELL32.dll
0x00007ffde07e0000 - 0x00007ffde091f000 	C:\WINDOWS\System32\wintypes.dll
0x00007ffdde620000 - 0x00007ffddef3e000 	C:\WINDOWS\SYSTEM32\windows.storage.dll
0x000002cfe1a10000 - 0x000002cfe1b1b000 	C:\WINDOWS\System32\SHCORE.dll
0x000002cfc4360000 - 0x000002cfc43c9000 	C:\WINDOWS\System32\shlwapi.dll
0x00007ffde0670000 - 0x00007ffde069b000 	C:\WINDOWS\SYSTEM32\profapi.dll
0x00007ffd83180000 - 0x00007ffd83257000 	C:\Program Files\Java\jdk-21\bin\jsvml.dll
0x00007ffd83990000 - 0x00007ffd839a8000 	C:\Program Files\Java\jdk-21\bin\zip.dll
0x00007ffdb0760000 - 0x00007ffdb0770000 	C:\Program Files\Java\jdk-21\bin\net.dll
0x00007ffddb110000 - 0x00007ffddb23c000 	C:\WINDOWS\SYSTEM32\WINHTTP.dll
0x00007ffddfba0000 - 0x00007ffddfc09000 	C:\WINDOWS\system32\mswsock.dll
0x00007ffd83970000 - 0x00007ffd83986000 	C:\Program Files\Java\jdk-21\bin\nio.dll
0x00007ffdad100000 - 0x00007ffdad110000 	C:\Program Files\Java\jdk-21\bin\verify.dll
0x00007ffdc8910000 - 0x00007ffdc8955000 	C:\Users\Yusly\AppData\Roaming\Code\User\globalStorage\redhat.java\1.43.0\config_win\org.eclipse.equinox.launcher\org.eclipse.equinox.launcher.win32.win32.x86_64_1.2.1300.v20250331-1702\eclipse_11911.dll
0x00007ffde2e40000 - 0x00007ffde2fe0000 	C:\WINDOWS\System32\ole32.dll
0x00007ffdacf30000 - 0x00007ffdacf3a000 	C:\Program Files\Java\jdk-21\bin\management.dll
0x00007ffd91880000 - 0x00007ffd9188b000 	C:\Program Files\Java\jdk-21\bin\management_ext.dll
0x00007ffde1c40000 - 0x00007ffde1c48000 	C:\WINDOWS\System32\PSAPI.DLL
0x00007ffddfef0000 - 0x00007ffddff0b000 	C:\WINDOWS\SYSTEM32\CRYPTSP.dll
0x00007ffddf690000 - 0x00007ffddf6c7000 	C:\WINDOWS\system32\rsaenh.dll
0x00007ffddfc40000 - 0x00007ffddfc68000 	C:\WINDOWS\SYSTEM32\USERENV.dll
0x00007ffddfed0000 - 0x00007ffddfedc000 	C:\WINDOWS\SYSTEM32\CRYPTBASE.dll
0x00007ffddf1a0000 - 0x00007ffddf1cd000 	C:\WINDOWS\SYSTEM32\IPHLPAPI.DLL
0x00007ffde1f90000 - 0x00007ffde1f99000 	C:\WINDOWS\System32\NSI.dll
0x00007ffdc8960000 - 0x00007ffdc89a9000 	C:\Users\Yusly\AppData\Local\Temp\jna-85792900\jna364240497943738632.dll
0x00007ffddaf30000 - 0x00007ffddaf49000 	C:\WINDOWS\SYSTEM32\dhcpcsvc6.DLL
0x00007ffddaf10000 - 0x00007ffddaf2f000 	C:\WINDOWS\SYSTEM32\dhcpcsvc.DLL
0x00007ffd8ac40000 - 0x00007ffd8ac4e000 	C:\Program Files\Java\jdk-21\bin\sunmscapi.dll
0x000002cfe8a20000 - 0x000002cfe8b87000 	C:\WINDOWS\System32\CRYPT32.dll
0x00007ffde0000000 - 0x00007ffde002d000 	C:\WINDOWS\SYSTEM32\ncrypt.dll
0x00007ffddffc0000 - 0x00007ffddfff7000 	C:\WINDOWS\SYSTEM32\NTASN1.dll
0x00007ffddf210000 - 0x00007ffddf308000 	C:\WINDOWS\SYSTEM32\DNSAPI.dll
0x00007ffddc220000 - 0x00007ffddc22a000 	C:\Windows\System32\rasadhlp.dll
0x00007ffdd8610000 - 0x00007ffdd8694000 	C:\WINDOWS\System32\fwpuclnt.dll
0x00007ffd8ac10000 - 0x00007ffd8ac19000 	C:\Program Files\Java\jdk-21\bin\extnet.dll

dbghelp: loaded successfully - version: 4.0.5 - missing functions: none
symbol engine: initialized successfully - sym options: 0x614 - pdb path: .;C:\Program Files\Java\jdk-21\bin;C:\WINDOWS\SYSTEM32;C:\WINDOWS\WinSxS\amd64_microsoft.windows.common-controls_6595b64144ccf1df_6.0.22621.5415_none_270d77d17387d7da;C:\Program Files (x86)\Citrix\ICA Client;C:\Program Files\Java\jdk-21\bin\server;C:\Users\Yusly\AppData\Roaming\Code\User\globalStorage\redhat.java\1.43.0\config_win\org.eclipse.equinox.launcher\org.eclipse.equinox.launcher.win32.win32.x86_64_1.2.1300.v20250331-1702;C:\Users\Yusly\AppData\Local\Temp\jna-85792900

VM Arguments:
jvm_args: --add-modules=ALL-SYSTEM --add-opens=java.base/java.util=ALL-UNNAMED --add-opens=java.base/java.lang=ALL-UNNAMED --add-opens=java.base/sun.nio.fs=ALL-UNNAMED -Declipse.application=org.eclipse.jdt.ls.core.id1 -Dosgi.bundles.defaultStartLevel=4 -Declipse.product=org.eclipse.jdt.ls.core.product -Djava.import.generatesMetadataFilesAtProjectRoot=false -DDetectVMInstallationsJob.disabled=true -Dfile.encoding=utf8 -XX:+UseParallelGC -XX:GCTimeRatio=4 -XX:AdaptiveSizePolicyWeight=90 -Dsun.zip.disableMemoryMapping=true -Xmx2G -Xms100m -Xlog:disable -javaagent:c:\Users\Yusly\.vscode\extensions\redhat.java-1.43.0-win32-x64\lombok\lombok-1.18.39-4050.jar -XX:+HeapDumpOnOutOfMemoryError -XX:HeapDumpPath=c:\Users\Yusly\AppData\Roaming\Code\User\workspaceStorage\5ab8f6c672467922ecbc1237d3555e14\redhat.java -Daether.dependencyCollector.impl=bf 
java_command: c:\Users\Yusly\.vscode\extensions\redhat.java-1.43.0-win32-x64\server\plugins\org.eclipse.equinox.launcher_1.7.0.v20250519-0528.jar -configuration c:\Users\Yusly\AppData\Roaming\Code\User\globalStorage\redhat.java\1.43.0\config_win -data c:\Users\Yusly\AppData\Roaming\Code\User\workspaceStorage\5ab8f6c672467922ecbc1237d3555e14\redhat.java\jdt_ws --pipe=\\.\pipe\lsp-1f9cb6449f3ba77ad2a112b457edb32f-sock
java_class_path (initial): c:\Users\Yusly\.vscode\extensions\redhat.java-1.43.0-win32-x64\server\plugins\org.eclipse.equinox.launcher_1.7.0.v20250519-0528.jar
Launcher Type: SUN_STANDARD

[Global flags]
    uintx AdaptiveSizePolicyWeight                 = 90                                        {product} {command line}
     intx CICompilerCount                          = 4                                         {product} {ergonomic}
    uintx GCTimeRatio                              = 4                                         {product} {command line}
     bool HeapDumpOnOutOfMemoryError               = true                                   {manageable} {command line}
    ccstr HeapDumpPath                             = c:\Users\Yusly\AppData\Roaming\Code\User\workspaceStorage\5ab8f6c672467922ecbc1237d3555e14\redhat.java         {manageable} {command line}
   size_t InitialHeapSize                          = 104857600                                 {product} {command line}
   size_t MaxHeapSize                              = 2147483648                                {product} {command line}
   size_t MaxNewSize                               = 715653120                                 {product} {ergonomic}
   size_t MinHeapDeltaBytes                        = 524288                                    {product} {ergonomic}
   size_t MinHeapSize                              = 104857600                                 {product} {command line}
   size_t NewSize                                  = 34603008                                  {product} {ergonomic}
    uintx NonNMethodCodeHeapSize                   = 5839372                                {pd product} {ergonomic}
    uintx NonProfiledCodeHeapSize                  = 122909434                              {pd product} {ergonomic}
   size_t OldSize                                  = 70254592                                  {product} {ergonomic}
    uintx ProfiledCodeHeapSize                     = 122909434                              {pd product} {ergonomic}
    uintx ReservedCodeCacheSize                    = 251658240                              {pd product} {ergonomic}
     bool SegmentedCodeCache                       = true                                      {product} {ergonomic}
   size_t SoftMaxHeapSize                          = 2147483648                             {manageable} {ergonomic}
     bool UseCompressedOops                        = true                           {product lp64_product} {ergonomic}
     bool UseLargePagesIndividualAllocation        = false                                  {pd product} {ergonomic}
     bool UseParallelGC                            = true                                      {product} {command line}

Logging:
Log output configuration:
 #0: stdout all=off uptime,level,tags foldmultilines=false
 #1: stderr all=off uptime,level,tags foldmultilines=false

Environment Variables:
PATH=C:\Program Files\Eclipse Adoptium\jdk-21.0.7.6-hotspot\bin;C:\Program Files\Common Files\Oracle\Java\javapath;C:\Program Files (x86)\Common Files\Oracle\Java\java8path;C:\Program Files (x86)\Common Files\Oracle\Java\javapath;C:\WINDOWS\system32;C:\WINDOWS;C:\WINDOWS\System32\Wbem;C:\WINDOWS\System32\WindowsPowerShell\v1.0\;C:\WINDOWS\System32\OpenSSH\;%JAVA_HOME%\bin;C:\xampp\php;C:\Program Files\MySQL\MySQL Server 8.0\bin;C:\xampp\mysql\bin;C:\Program Files\Microsoft VS Code\bin;C:\Program Files\Git\cmd;C:\Program Files\Microsoft SQL Server\150\Tools\Binn\;C:\Program Files\dotnet\;C:\Program Files\PowerShell\7\;C:\Program Files\Docker\Docker\resources\bin;C:\Program Files\nodejs\;C:\Program Files\Java\jdk-24;C:\Users\Yusly\AppData\Local\Programs\Python\Python312\Scripts\;C:\Users\Yusly\AppData\Local\Programs\Python\Python312\;C:\Users\Yusly\AppData\Local\Microsoft\WindowsApps;;C:\Program Files\JetBrains\WebStorm 2024.3\bin;;C:\Users\Yusly\AppData\Local\Programs\Microsoft VS Code\bin;C:\Users\Yusly\AppData\Local\Microsoft\WinGet\Packages\Schniz.fnm_Microsoft.Winget.Source_8wekyb3d8bbwe;C:\Users\Yusly\.dotnet\tools;C:\Program Files\JetBrains\IntelliJ IDEA Community Edition 2024.3.2.2\bin;;C:\Users\Yusly\AppData\Roaming\npm
USERNAME=Yusly
OS=Windows_NT
PROCESSOR_IDENTIFIER=AMD64 Family 23 Model 24 Stepping 1, AuthenticAMD
TMP=C:\Users\Yusly\AppData\Local\Temp
TEMP=C:\Users\Yusly\AppData\Local\Temp




Periodic native trim disabled

---------------  S Y S T E M  ---------------

OS:
 Windows 11 , 64 bit Build 22621 (10.0.22621.5415)
OS uptime: 1 days 7:08 hours
Hyper-V role detected

CPU: total 8 (initial active 8) (8 cores per cpu, 2 threads per core) family 23 model 24 stepping 1 microcode 0x0, cx8, cmov, fxsr, ht, mmx, 3dnowpref, sse, sse2, sse3, ssse3, sse4a, sse4.1, sse4.2, popcnt, lzcnt, tsc, tscinvbit, avx, avx2, aes, clmul, bmi1, bmi2, adx, sha, fma, vzeroupper, clflush, clflushopt, hv, rdtscp, f16c
Processor Information for all 8 processors :
  Max Mhz: 2100, Current Mhz: 2100, Mhz Limit: 2100

Memory: 4k page, system-wide physical 6058M (353M free)
TotalPageFile size 24490M (AvailPageFile size 0M)
current process WorkingSet (physical memory assigned to process): 294M, peak: 295M
current process commit charge ("private bytes"): 378M, peak: 380M

vm_info: Java HotSpot(TM) 64-Bit Server VM (21.0.7+8-LTS-245) for windows-amd64 JRE (21.0.7+8-LTS-245), built on 2025-02-21T05:11:27Z by "mach5one" with MS VC++ 17.6 (VS2022)

END.
